<?xml version="1.0" encoding="UTF-8"?>
<coverage generated="1760404324888" clover="3.2.0">
  <project timestamp="1760404324888" name="All files">
    <metrics statements="15" coveredstatements="9" conditionals="4" coveredconditionals="2" methods="4" coveredmethods="2" elements="23" coveredelements="13" complexity="0" loc="15" ncloc="15" packages="1" files="1" classes="1"/>
    <file name="database.js" path="D:\BYU-Idaho\BYU-I Online\Term 5 2025 (Sep-Oct)\CSE341 - Web Services\repo\cse341-node\library\data\database.js">
      <metrics statements="15" coveredstatements="9" conditionals="4" coveredconditionals="2" methods="4" coveredmethods="2"/>
      <line num="2" count="1" type="stmt"/>
      <line num="5" count="1" type="stmt"/>
      <line num="18" count="1" type="stmt"/>
      <line num="19" count="1" type="cond" truecount="1" falsecount="1"/>
      <line num="20" count="0" type="stmt"/>
      <line num="21" count="0" type="stmt"/>
      <line num="25" count="1" type="stmt"/>
      <line num="27" count="0" type="stmt"/>
      <line num="28" count="0" type="stmt"/>
      <line num="31" count="0" type="stmt"/>
      <line num="41" count="1" type="stmt"/>
      <line num="42" count="3" type="cond" truecount="1" falsecount="1"/>
      <line num="43" count="3" type="stmt"/>
      <line num="45" count="0" type="stmt"/>
      <line num="49" count="1" type="stmt"/>
    </file>
  </project>
</coverage>
