{"D:\\BYU-Idaho\\BYU-I Online\\Term 5 2025 (Sep-Oct)\\CSE341 - Web Services\\repo\\cse341-node\\library\\data\\database.js": {"path":"D:\\BYU-Idaho\\BYU-I Online\\Term 5 2025 (Sep-Oct)\\CSE341 - Web Services\\repo\\cse341-node\\library\\data\\database.js","statementMap":{"0":{"start":{"line":2,"column":15},"end":{"line":2,"column":59}},"1":{"start":{"line":5,"column":24},"end":{"line":5,"column":42}},"2":{"start":{"line":18,"column":21},"end":{"line":33,"column":1}},"3":{"start":{"line":19,"column":2},"end":{"line":22,"column":3}},"4":{"start":{"line":20,"column":4},"end":{"line":20,"column":52}},"5":{"start":{"line":21,"column":4},"end":{"line":21,"column":36}},"6":{"start":{"line":25,"column":2},"end":{"line":32,"column":7}},"7":{"start":{"line":27,"column":6},"end":{"line":27,"column":24}},"8":{"start":{"line":28,"column":6},"end":{"line":28,"column":31}},"9":{"start":{"line":31,"column":6},"end":{"line":31,"column":20}},"10":{"start":{"line":41,"column":20},"end":{"line":46,"column":1}},"11":{"start":{"line":42,"column":2},"end":{"line":44,"column":3}},"12":{"start":{"line":43,"column":4},"end":{"line":43,"column":44}},"13":{"start":{"line":45,"column":2},"end":{"line":45,"column":18}},"14":{"start":{"line":49,"column":0},"end":{"line":52,"column":2}}},"fnMap":{"0":{"name":"(anonymous_0)","decl":{"start":{"line":18,"column":21},"end":{"line":18,"column":22}},"loc":{"start":{"line":18,"column":35},"end":{"line":33,"column":1}},"line":18},"1":{"name":"(anonymous_1)","decl":{"start":{"line":26,"column":10},"end":{"line":26,"column":11}},"loc":{"start":{"line":26,"column":22},"end":{"line":29,"column":5}},"line":26},"2":{"name":"(anonymous_2)","decl":{"start":{"line":30,"column":11},"end":{"line":30,"column":12}},"loc":{"start":{"line":30,"column":20},"end":{"line":32,"column":5}},"line":30},"3":{"name":"(anonymous_3)","decl":{"start":{"line":41,"column":20},"end":{"line":41,"column":21}},"loc":{"start":{"line":41,"column":26},"end":{"line":46,"column":1}},"line":41}},"branchMap":{"0":{"loc":{"start":{"line":19,"column":2},"end":{"line":22,"column":3}},"type":"if","locations":[{"start":{"line":19,"column":2},"end":{"line":22,"column":3}},{"start":{},"end":{}}],"line":19},"1":{"loc":{"start":{"line":42,"column":2},"end":{"line":44,"column":3}},"type":"if","locations":[{"start":{"line":42,"column":2},"end":{"line":44,"column":3}},{"start":{},"end":{}}],"line":42}},"s":{"0":1,"1":1,"2":1,"3":1,"4":0,"5":0,"6":1,"7":0,"8":0,"9":0,"10":1,"11":3,"12":3,"13":0,"14":1},"f":{"0":1,"1":0,"2":0,"3":3},"b":{"0":[0,1],"1":[3,0]},"_coverageSchema":"1a1c01bbd47fc00a2c39e90264f33305004495a9","hash":"91eae4d62a9eec759336b612519533caccf68286"}
}
